[07-Jun-2024 13:23:59 Europe/Berlin] Received data: Array
(
    [username] => Yohann
    [location] => Switzerland
    [level] => 1
    [progress] => 4.9967103815664
)

[07-Jun-2024 13:23:59 Europe/Berlin] Score saved successfully
[07-Jun-2024 13:27:55 Europe/Berlin] PHP Warning:  mkdir(): File exists in C:\Users\yoch2\Desktop\HES-SO\4ème semestre\Web\TP2_WebDev\ressources\score\save_score.php on line 17
[07-Jun-2024 13:27:55 Europe/Berlin] Directory created: Score.json
[07-Jun-2024 13:27:55 Europe/Berlin] Received data: Array
(
    [username] => Yohann
    [location] => Switzerland
    [level] => 1
    [progress] => 4.9274537126551
)

[07-Jun-2024 13:27:55 Europe/Berlin] PHP Warning:  Undefined variable $filePath in C:\Users\yoch2\Desktop\HES-SO\4ème semestre\Web\TP2_WebDev\ressources\score\save_score.php on line 26
[07-Jun-2024 13:27:55 Europe/Berlin] PHP Deprecated:  file_exists(): Passing null to parameter #1 ($filename) of type string is deprecated in C:\Users\yoch2\Desktop\HES-SO\4ème semestre\Web\TP2_WebDev\ressources\score\save_score.php on line 26
[07-Jun-2024 13:27:55 Europe/Berlin] PHP Warning:  Undefined variable $filePath in C:\Users\yoch2\Desktop\HES-SO\4ème semestre\Web\TP2_WebDev\ressources\score\save_score.php on line 27
[07-Jun-2024 13:27:55 Europe/Berlin] PHP Deprecated:  file_put_contents(): Passing null to parameter #1 ($filename) of type string is deprecated in C:\Users\yoch2\Desktop\HES-SO\4ème semestre\Web\TP2_WebDev\ressources\score\save_score.php on line 27
[07-Jun-2024 13:27:55 Europe/Berlin] PHP Fatal error:  Uncaught ValueError: Path cannot be empty in C:\Users\yoch2\Desktop\HES-SO\4ème semestre\Web\TP2_WebDev\ressources\score\save_score.php:27
Stack trace:
#0 C:\Users\yoch2\Desktop\HES-SO\4ème semestre\Web\TP2_WebDev\ressources\score\save_score.php(27): file_put_contents('', '[]')
#1 {main}
  thrown in C:\Users\yoch2\Desktop\HES-SO\4ème semestre\Web\TP2_WebDev\ressources\score\save_score.php on line 27
[07-Jun-2024 13:29:27 Europe/Berlin] Received data: Array
(
    [username] => Yohann
    [location] => Switzerland
    [level] => 1
    [progress] => 5.0092114649936
)

[07-Jun-2024 13:29:27 Europe/Berlin] Score saved successfully
[11-Jun-2024 14:43:56 Europe/Berlin] Received data: Array
(
    [username] => Yohann
    [location] => Unable to retrieve your location (Position acquisition timed out).
    [level] => 1
    [progress] => 31.81706281211
)

[11-Jun-2024 14:43:56 Europe/Berlin] Score saved successfully
[13-Jun-2024 12:28:05 UTC] Received data: Array
(
    [username] => JCVD
    [location] => Switzerland
    [level] => 1
    [progress] => 19.550805069773
)

[13-Jun-2024 12:28:05 UTC] Score saved successfully
[13-Jun-2024 12:38:38 UTC] Received data: Array
(
    [username] => JCVD
    [location] => Switzerland
    [level] => 1
    [progress] => 44.360011200971
)

[13-Jun-2024 12:38:38 UTC] Score saved successfully
[13-Jun-2024 12:43:32 UTC] Received data: Array
(
    [username] => Test
    [location] => Switzerland
    [level] => 1
    [progress] => 6.4072219592365
)

[13-Jun-2024 12:43:32 UTC] Score saved successfully
[13-Jun-2024 12:43:44 UTC] Received data: Array
(
    [username] => Test
    [location] => Switzerland
    [level] => 3
    [progress] => 4.7619630342762
)

[13-Jun-2024 12:43:44 UTC] Score saved successfully
[13-Jun-2024 12:48:40 UTC] Received data: Array
(
    [username] => Test
    [location] => Switzerland
    [level] => 1
    [progress] => 7.3649716308747
)

[13-Jun-2024 12:48:40 UTC] Score saved successfully
[13-Jun-2024 12:48:58 UTC] Received data: Array
(
    [username] => Test
    [location] => Switzerland
    [level] => 2
    [progress] => 2.2021371358651
)

[13-Jun-2024 12:48:58 UTC] Score saved successfully
